The system is: Linux - 4.19.4-arch1-1-ARCH - x86_64
Compiling the CXX compiler identification source file "CMakeCXXCompilerId.cpp" succeeded.
Compiler: /usr/bin/c++ 
Build flags: -march=x86-64;-mtune=generic;-O2;-pipe;-fstack-protector-strong;-fno-plt
Id flags:  

The output was:
0


Compilation of the CXX compiler identification source "CMakeCXXCompilerId.cpp" produced "a.out"

The CXX compiler identification is GNU, found in "/home/jojo/cradio/gnuradio/src/gr-fm_debug/build/CMakeFiles/3.12.4/CompilerIdCXX/a.out"

Compiling the C compiler identification source file "CMakeCCompilerId.c" succeeded.
Compiler: /usr/bin/cc 
Build flags: -march=x86-64;-mtune=generic;-O2;-pipe;-fstack-protector-strong;-fno-plt
Id flags:  

The output was:
0


Compilation of the C compiler identification source "CMakeCCompilerId.c" produced "a.out"

The C compiler identification is GNU, found in "/home/jojo/cradio/gnuradio/src/gr-fm_debug/build/CMakeFiles/3.12.4/CompilerIdC/a.out"

Determining if the CXX compiler works passed with the following output:
Change Dir: /home/jojo/cradio/gnuradio/src/gr-fm_debug/build/CMakeFiles/CMakeTmp

Run Build Command:"/usr/bin/make" "cmTC_da17f/fast"
/usr/bin/make -f CMakeFiles/cmTC_da17f.dir/build.make CMakeFiles/cmTC_da17f.dir/build
make[1]: Entering directory '/home/jojo/cradio/gnuradio/src/gr-fm_debug/build/CMakeFiles/CMakeTmp'
Building CXX object CMakeFiles/cmTC_da17f.dir/testCXXCompiler.cxx.o
/usr/bin/c++    -march=x86-64 -mtune=generic -O2 -pipe -fstack-protector-strong -fno-plt    -o CMakeFiles/cmTC_da17f.dir/testCXXCompiler.cxx.o -c /home/jojo/cradio/gnuradio/src/gr-fm_debug/build/CMakeFiles/CMakeTmp/testCXXCompiler.cxx
Linking CXX executable cmTC_da17f
/usr/bin/cmake -E cmake_link_script CMakeFiles/cmTC_da17f.dir/link.txt --verbose=1
/usr/bin/c++  -march=x86-64 -mtune=generic -O2 -pipe -fstack-protector-strong -fno-plt   -Wl,-O1,--sort-common,--as-needed,-z,relro,-z,now  -rdynamic CMakeFiles/cmTC_da17f.dir/testCXXCompiler.cxx.o  -o cmTC_da17f 
make[1]: Leaving directory '/home/jojo/cradio/gnuradio/src/gr-fm_debug/build/CMakeFiles/CMakeTmp'


Detecting CXX compiler ABI info compiled with the following output:
Change Dir: /home/jojo/cradio/gnuradio/src/gr-fm_debug/build/CMakeFiles/CMakeTmp

Run Build Command:"/usr/bin/make" "cmTC_fdff4/fast"
/usr/bin/make -f CMakeFiles/cmTC_fdff4.dir/build.make CMakeFiles/cmTC_fdff4.dir/build
make[1]: Entering directory '/home/jojo/cradio/gnuradio/src/gr-fm_debug/build/CMakeFiles/CMakeTmp'
Building CXX object CMakeFiles/cmTC_fdff4.dir/CMakeCXXCompilerABI.cpp.o
/usr/bin/c++    -march=x86-64 -mtune=generic -O2 -pipe -fstack-protector-strong -fno-plt    -o CMakeFiles/cmTC_fdff4.dir/CMakeCXXCompilerABI.cpp.o -c /usr/share/cmake-3.12/Modules/CMakeCXXCompilerABI.cpp
Linking CXX executable cmTC_fdff4
/usr/bin/cmake -E cmake_link_script CMakeFiles/cmTC_fdff4.dir/link.txt --verbose=1
/usr/bin/c++  -march=x86-64 -mtune=generic -O2 -pipe -fstack-protector-strong -fno-plt   -Wl,-O1,--sort-common,--as-needed,-z,relro,-z,now -v -rdynamic CMakeFiles/cmTC_fdff4.dir/CMakeCXXCompilerABI.cpp.o  -o cmTC_fdff4 
Using built-in specs.
COLLECT_GCC=/usr/bin/c++
COLLECT_LTO_WRAPPER=/usr/lib/gcc/x86_64-pc-linux-gnu/8.2.1/lto-wrapper
Target: x86_64-pc-linux-gnu
Configured with: /build/gcc/src/gcc/configure --prefix=/usr --libdir=/usr/lib --libexecdir=/usr/lib --mandir=/usr/share/man --infodir=/usr/share/info --with-bugurl=https://bugs.archlinux.org/ --enable-languages=c,c++,ada,fortran,go,lto,objc,obj-c++ --enable-shared --enable-threads=posix --enable-libmpx --with-system-zlib --with-isl --enable-__cxa_atexit --disable-libunwind-exceptions --enable-clocale=gnu --disable-libstdcxx-pch --disable-libssp --enable-gnu-unique-object --enable-linker-build-id --enable-lto --enable-plugin --enable-install-libiberty --with-linker-hash-style=gnu --enable-gnu-indirect-function --enable-multilib --disable-werror --enable-checking=release --enable-default-pie --enable-default-ssp --enable-cet=auto
Thread model: posix
gcc version 8.2.1 20180831 (GCC) 
COMPILER_PATH=/usr/lib/gcc/x86_64-pc-linux-gnu/8.2.1/:/usr/lib/gcc/x86_64-pc-linux-gnu/8.2.1/:/usr/lib/gcc/x86_64-pc-linux-gnu/:/usr/lib/gcc/x86_64-pc-linux-gnu/8.2.1/:/usr/lib/gcc/x86_64-pc-linux-gnu/
LIBRARY_PATH=/usr/lib/gcc/x86_64-pc-linux-gnu/8.2.1/:/usr/lib/gcc/x86_64-pc-linux-gnu/8.2.1/../../../../lib/:/lib/../lib/:/usr/lib/../lib/:/usr/lib/gcc/x86_64-pc-linux-gnu/8.2.1/../../../:/lib/:/usr/lib/
COLLECT_GCC_OPTIONS='-march=x86-64' '-mtune=generic' '-O2' '-pipe' '-fstack-protector-strong' '-fno-plt' '-v' '-rdynamic' '-o' 'cmTC_fdff4' '-shared-libgcc'
 /usr/lib/gcc/x86_64-pc-linux-gnu/8.2.1/collect2 -plugin /usr/lib/gcc/x86_64-pc-linux-gnu/8.2.1/liblto_plugin.so -plugin-opt=/usr/lib/gcc/x86_64-pc-linux-gnu/8.2.1/lto-wrapper -plugin-opt=-fresolution=/tmp/ccXwjARV.res -plugin-opt=-pass-through=-lgcc_s -plugin-opt=-pass-through=-lgcc -plugin-opt=-pass-through=-lc -plugin-opt=-pass-through=-lgcc_s -plugin-opt=-pass-through=-lgcc --build-id --eh-frame-hdr --hash-style=gnu -m elf_x86_64 -export-dynamic -dynamic-linker /lib64/ld-linux-x86-64.so.2 -pie -o cmTC_fdff4 /usr/lib/gcc/x86_64-pc-linux-gnu/8.2.1/../../../../lib/Scrt1.o /usr/lib/gcc/x86_64-pc-linux-gnu/8.2.1/../../../../lib/crti.o /usr/lib/gcc/x86_64-pc-linux-gnu/8.2.1/crtbeginS.o -L/usr/lib/gcc/x86_64-pc-linux-gnu/8.2.1 -L/usr/lib/gcc/x86_64-pc-linux-gnu/8.2.1/../../../../lib -L/lib/../lib -L/usr/lib/../lib -L/usr/lib/gcc/x86_64-pc-linux-gnu/8.2.1/../../.. -O1 --sort-common --as-needed -z relro -z now CMakeFiles/cmTC_fdff4.dir/CMakeCXXCompilerABI.cpp.o -lstdc++ -lm -lgcc_s -lgcc -lc -lgcc_s -lgcc /usr/lib/gcc/x86_64-pc-linux-gnu/8.2.1/crtendS.o /usr/lib/gcc/x86_64-pc-linux-gnu/8.2.1/../../../../lib/crtn.o
COLLECT_GCC_OPTIONS='-march=x86-64' '-mtune=generic' '-O2' '-pipe' '-fstack-protector-strong' '-fno-plt' '-v' '-rdynamic' '-o' 'cmTC_fdff4' '-shared-libgcc'
make[1]: Leaving directory '/home/jojo/cradio/gnuradio/src/gr-fm_debug/build/CMakeFiles/CMakeTmp'


Parsed CXX implicit link information from above output:
  link line regex: [^( *|.*[/\])(ld|CMAKE_LINK_STARTFILE-NOTFOUND|([^/\]+-)?ld|collect2)[^/\]*( |$)]
  ignore line: [Change Dir: /home/jojo/cradio/gnuradio/src/gr-fm_debug/build/CMakeFiles/CMakeTmp]
  ignore line: []
  ignore line: [Run Build Command:"/usr/bin/make" "cmTC_fdff4/fast"]
  ignore line: [/usr/bin/make -f CMakeFiles/cmTC_fdff4.dir/build.make CMakeFiles/cmTC_fdff4.dir/build]
  ignore line: [make[1]: Entering directory '/home/jojo/cradio/gnuradio/src/gr-fm_debug/build/CMakeFiles/CMakeTmp']
  ignore line: [Building CXX object CMakeFiles/cmTC_fdff4.dir/CMakeCXXCompilerABI.cpp.o]
  ignore line: [/usr/bin/c++    -march=x86-64 -mtune=generic -O2 -pipe -fstack-protector-strong -fno-plt    -o CMakeFiles/cmTC_fdff4.dir/CMakeCXXCompilerABI.cpp.o -c /usr/share/cmake-3.12/Modules/CMakeCXXCompilerABI.cpp]
  ignore line: [Linking CXX executable cmTC_fdff4]
  ignore line: [/usr/bin/cmake -E cmake_link_script CMakeFiles/cmTC_fdff4.dir/link.txt --verbose=1]
  ignore line: [/usr/bin/c++  -march=x86-64 -mtune=generic -O2 -pipe -fstack-protector-strong -fno-plt   -Wl,-O1,--sort-common,--as-needed,-z,relro,-z,now -v -rdynamic CMakeFiles/cmTC_fdff4.dir/CMakeCXXCompilerABI.cpp.o  -o cmTC_fdff4 ]
  ignore line: [Using built-in specs.]
  ignore line: [COLLECT_GCC=/usr/bin/c++]
  ignore line: [COLLECT_LTO_WRAPPER=/usr/lib/gcc/x86_64-pc-linux-gnu/8.2.1/lto-wrapper]
  ignore line: [Target: x86_64-pc-linux-gnu]
  ignore line: [Configured with: /build/gcc/src/gcc/configure --prefix=/usr --libdir=/usr/lib --libexecdir=/usr/lib --mandir=/usr/share/man --infodir=/usr/share/info --with-bugurl=https://bugs.archlinux.org/ --enable-languages=c,c++,ada,fortran,go,lto,objc,obj-c++ --enable-shared --enable-threads=posix --enable-libmpx --with-system-zlib --with-isl --enable-__cxa_atexit --disable-libunwind-exceptions --enable-clocale=gnu --disable-libstdcxx-pch --disable-libssp --enable-gnu-unique-object --enable-linker-build-id --enable-lto --enable-plugin --enable-install-libiberty --with-linker-hash-style=gnu --enable-gnu-indirect-function --enable-multilib --disable-werror --enable-checking=release --enable-default-pie --enable-default-ssp --enable-cet=auto]
  ignore line: [Thread model: posix]
  ignore line: [gcc version 8.2.1 20180831 (GCC) ]
  ignore line: [COMPILER_PATH=/usr/lib/gcc/x86_64-pc-linux-gnu/8.2.1/:/usr/lib/gcc/x86_64-pc-linux-gnu/8.2.1/:/usr/lib/gcc/x86_64-pc-linux-gnu/:/usr/lib/gcc/x86_64-pc-linux-gnu/8.2.1/:/usr/lib/gcc/x86_64-pc-linux-gnu/]
  ignore line: [LIBRARY_PATH=/usr/lib/gcc/x86_64-pc-linux-gnu/8.2.1/:/usr/lib/gcc/x86_64-pc-linux-gnu/8.2.1/../../../../lib/:/lib/../lib/:/usr/lib/../lib/:/usr/lib/gcc/x86_64-pc-linux-gnu/8.2.1/../../../:/lib/:/usr/lib/]
  ignore line: [COLLECT_GCC_OPTIONS='-march=x86-64' '-mtune=generic' '-O2' '-pipe' '-fstack-protector-strong' '-fno-plt' '-v' '-rdynamic' '-o' 'cmTC_fdff4' '-shared-libgcc']
  link line: [ /usr/lib/gcc/x86_64-pc-linux-gnu/8.2.1/collect2 -plugin /usr/lib/gcc/x86_64-pc-linux-gnu/8.2.1/liblto_plugin.so -plugin-opt=/usr/lib/gcc/x86_64-pc-linux-gnu/8.2.1/lto-wrapper -plugin-opt=-fresolution=/tmp/ccXwjARV.res -plugin-opt=-pass-through=-lgcc_s -plugin-opt=-pass-through=-lgcc -plugin-opt=-pass-through=-lc -plugin-opt=-pass-through=-lgcc_s -plugin-opt=-pass-through=-lgcc --build-id --eh-frame-hdr --hash-style=gnu -m elf_x86_64 -export-dynamic -dynamic-linker /lib64/ld-linux-x86-64.so.2 -pie -o cmTC_fdff4 /usr/lib/gcc/x86_64-pc-linux-gnu/8.2.1/../../../../lib/Scrt1.o /usr/lib/gcc/x86_64-pc-linux-gnu/8.2.1/../../../../lib/crti.o /usr/lib/gcc/x86_64-pc-linux-gnu/8.2.1/crtbeginS.o -L/usr/lib/gcc/x86_64-pc-linux-gnu/8.2.1 -L/usr/lib/gcc/x86_64-pc-linux-gnu/8.2.1/../../../../lib -L/lib/../lib -L/usr/lib/../lib -L/usr/lib/gcc/x86_64-pc-linux-gnu/8.2.1/../../.. -O1 --sort-common --as-needed -z relro -z now CMakeFiles/cmTC_fdff4.dir/CMakeCXXCompilerABI.cpp.o -lstdc++ -lm -lgcc_s -lgcc -lc -lgcc_s -lgcc /usr/lib/gcc/x86_64-pc-linux-gnu/8.2.1/crtendS.o /usr/lib/gcc/x86_64-pc-linux-gnu/8.2.1/../../../../lib/crtn.o]
    arg [/usr/lib/gcc/x86_64-pc-linux-gnu/8.2.1/collect2] ==> ignore
    arg [-plugin] ==> ignore
    arg [/usr/lib/gcc/x86_64-pc-linux-gnu/8.2.1/liblto_plugin.so] ==> ignore
    arg [-plugin-opt=/usr/lib/gcc/x86_64-pc-linux-gnu/8.2.1/lto-wrapper] ==> ignore
    arg [-plugin-opt=-fresolution=/tmp/ccXwjARV.res] ==> ignore
    arg [-plugin-opt=-pass-through=-lgcc_s] ==> ignore
    arg [-plugin-opt=-pass-through=-lgcc] ==> ignore
    arg [-plugin-opt=-pass-through=-lc] ==> ignore
    arg [-plugin-opt=-pass-through=-lgcc_s] ==> ignore
    arg [-plugin-opt=-pass-through=-lgcc] ==> ignore
    arg [--build-id] ==> ignore
    arg [--eh-frame-hdr] ==> ignore
    arg [--hash-style=gnu] ==> ignore
    arg [-m] ==> ignore
    arg [elf_x86_64] ==> ignore
    arg [-export-dynamic] ==> ignore
    arg [-dynamic-linker] ==> ignore
    arg [/lib64/ld-linux-x86-64.so.2] ==> ignore
    arg [-pie] ==> ignore
    arg [-o] ==> ignore
    arg [cmTC_fdff4] ==> ignore
    arg [/usr/lib/gcc/x86_64-pc-linux-gnu/8.2.1/../../../../lib/Scrt1.o] ==> ignore
    arg [/usr/lib/gcc/x86_64-pc-linux-gnu/8.2.1/../../../../lib/crti.o] ==> ignore
    arg [/usr/lib/gcc/x86_64-pc-linux-gnu/8.2.1/crtbeginS.o] ==> ignore
    arg [-L/usr/lib/gcc/x86_64-pc-linux-gnu/8.2.1] ==> dir [/usr/lib/gcc/x86_64-pc-linux-gnu/8.2.1]
    arg [-L/usr/lib/gcc/x86_64-pc-linux-gnu/8.2.1/../../../../lib] ==> dir [/usr/lib/gcc/x86_64-pc-linux-gnu/8.2.1/../../../../lib]
    arg [-L/lib/../lib] ==> dir [/lib/../lib]
    arg [-L/usr/lib/../lib] ==> dir [/usr/lib/../lib]
    arg [-L/usr/lib/gcc/x86_64-pc-linux-gnu/8.2.1/../../..] ==> dir [/usr/lib/gcc/x86_64-pc-linux-gnu/8.2.1/../../..]
    arg [-O1] ==> ignore
    arg [--sort-common] ==> ignore
    arg [--as-needed] ==> ignore
    arg [-zrelro] ==> ignore
    arg [-znow] ==> ignore
    arg [CMakeFiles/cmTC_fdff4.dir/CMakeCXXCompilerABI.cpp.o] ==> ignore
    arg [-lstdc++] ==> lib [stdc++]
    arg [-lm] ==> lib [m]
    arg [-lgcc_s] ==> lib [gcc_s]
    arg [-lgcc] ==> lib [gcc]
    arg [-lc] ==> lib [c]
    arg [-lgcc_s] ==> lib [gcc_s]
    arg [-lgcc] ==> lib [gcc]
    arg [/usr/lib/gcc/x86_64-pc-linux-gnu/8.2.1/crtendS.o] ==> ignore
    arg [/usr/lib/gcc/x86_64-pc-linux-gnu/8.2.1/../../../../lib/crtn.o] ==> ignore
  collapse library dir [/usr/lib/gcc/x86_64-pc-linux-gnu/8.2.1] ==> [/usr/lib/gcc/x86_64-pc-linux-gnu/8.2.1]
  collapse library dir [/usr/lib/gcc/x86_64-pc-linux-gnu/8.2.1/../../../../lib] ==> [/usr/lib]
  collapse library dir [/lib/../lib] ==> [/lib]
  collapse library dir [/usr/lib/../lib] ==> [/usr/lib]
  collapse library dir [/usr/lib/gcc/x86_64-pc-linux-gnu/8.2.1/../../..] ==> [/usr/lib]
  implicit libs: [stdc++;m;gcc_s;gcc;c;gcc_s;gcc]
  implicit dirs: [/usr/lib/gcc/x86_64-pc-linux-gnu/8.2.1;/usr/lib;/lib]
  implicit fwks: []




Detecting CXX [-std=c++2a] compiler features compiled with the following output:
Change Dir: /home/jojo/cradio/gnuradio/src/gr-fm_debug/build/CMakeFiles/CMakeTmp

Run Build Command:"/usr/bin/make" "cmTC_b5ed7/fast"
/usr/bin/make -f CMakeFiles/cmTC_b5ed7.dir/build.make CMakeFiles/cmTC_b5ed7.dir/build
make[1]: Entering directory '/home/jojo/cradio/gnuradio/src/gr-fm_debug/build/CMakeFiles/CMakeTmp'
Building CXX object CMakeFiles/cmTC_b5ed7.dir/feature_tests.cxx.o
/usr/bin/c++    -march=x86-64 -mtune=generic -O2 -pipe -fstack-protector-strong -fno-plt    -std=c++2a -o CMakeFiles/cmTC_b5ed7.dir/feature_tests.cxx.o -c /home/jojo/cradio/gnuradio/src/gr-fm_debug/build/CMakeFiles/feature_tests.cxx
Linking CXX executable cmTC_b5ed7
/usr/bin/cmake -E cmake_link_script CMakeFiles/cmTC_b5ed7.dir/link.txt --verbose=1
/usr/bin/c++  -march=x86-64 -mtune=generic -O2 -pipe -fstack-protector-strong -fno-plt   -Wl,-O1,--sort-common,--as-needed,-z,relro,-z,now  -rdynamic CMakeFiles/cmTC_b5ed7.dir/feature_tests.cxx.o  -o cmTC_b5ed7 
make[1]: Leaving directory '/home/jojo/cradio/gnuradio/src/gr-fm_debug/build/CMakeFiles/CMakeTmp'


    Feature record: CXX_FEATURE:1cxx_aggregate_default_initializers
    Feature record: CXX_FEATURE:1cxx_alias_templates
    Feature record: CXX_FEATURE:1cxx_alignas
    Feature record: CXX_FEATURE:1cxx_alignof
    Feature record: CXX_FEATURE:1cxx_attributes
    Feature record: CXX_FEATURE:1cxx_attribute_deprecated
    Feature record: CXX_FEATURE:1cxx_auto_type
    Feature record: CXX_FEATURE:1cxx_binary_literals
    Feature record: CXX_FEATURE:1cxx_constexpr
    Feature record: CXX_FEATURE:1cxx_contextual_conversions
    Feature record: CXX_FEATURE:1cxx_decltype
    Feature record: CXX_FEATURE:1cxx_decltype_auto
    Feature record: CXX_FEATURE:1cxx_decltype_incomplete_return_types
    Feature record: CXX_FEATURE:1cxx_default_function_template_args
    Feature record: CXX_FEATURE:1cxx_defaulted_functions
    Feature record: CXX_FEATURE:1cxx_defaulted_move_initializers
    Feature record: CXX_FEATURE:1cxx_delegating_constructors
    Feature record: CXX_FEATURE:1cxx_deleted_functions
    Feature record: CXX_FEATURE:1cxx_digit_separators
    Feature record: CXX_FEATURE:1cxx_enum_forward_declarations
    Feature record: CXX_FEATURE:1cxx_explicit_conversions
    Feature record: CXX_FEATURE:1cxx_extended_friend_declarations
    Feature record: CXX_FEATURE:1cxx_extern_templates
    Feature record: CXX_FEATURE:1cxx_final
    Feature record: CXX_FEATURE:1cxx_func_identifier
    Feature record: CXX_FEATURE:1cxx_generalized_initializers
    Feature record: CXX_FEATURE:1cxx_generic_lambdas
    Feature record: CXX_FEATURE:1cxx_inheriting_constructors
    Feature record: CXX_FEATURE:1cxx_inline_namespaces
    Feature record: CXX_FEATURE:1cxx_lambdas
    Feature record: CXX_FEATURE:1cxx_lambda_init_captures
    Feature record: CXX_FEATURE:1cxx_local_type_template_args
    Feature record: CXX_FEATURE:1cxx_long_long_type
    Feature record: CXX_FEATURE:1cxx_noexcept
    Feature record: CXX_FEATURE:1cxx_nonstatic_member_init
    Feature record: CXX_FEATURE:1cxx_nullptr
    Feature record: CXX_FEATURE:1cxx_override
    Feature record: CXX_FEATURE:1cxx_range_for
    Feature record: CXX_FEATURE:1cxx_raw_string_literals
    Feature record: CXX_FEATURE:1cxx_reference_qualified_functions
    Feature record: CXX_FEATURE:1cxx_relaxed_constexpr
    Feature record: CXX_FEATURE:1cxx_return_type_deduction
    Feature record: CXX_FEATURE:1cxx_right_angle_brackets
    Feature record: CXX_FEATURE:1cxx_rvalue_references
    Feature record: CXX_FEATURE:1cxx_sizeof_member
    Feature record: CXX_FEATURE:1cxx_static_assert
    Feature record: CXX_FEATURE:1cxx_strong_enums
    Feature record: CXX_FEATURE:1cxx_template_template_parameters
    Feature record: CXX_FEATURE:1cxx_thread_local
    Feature record: CXX_FEATURE:1cxx_trailing_return_types
    Feature record: CXX_FEATURE:1cxx_unicode_literals
    Feature record: CXX_FEATURE:1cxx_uniform_initialization
    Feature record: CXX_FEATURE:1cxx_unrestricted_unions
    Feature record: CXX_FEATURE:1cxx_user_literals
    Feature record: CXX_FEATURE:1cxx_variable_templates
    Feature record: CXX_FEATURE:1cxx_variadic_macros
    Feature record: CXX_FEATURE:1cxx_variadic_templates


Detecting CXX [-std=c++17] compiler features compiled with the following output:
Change Dir: /home/jojo/cradio/gnuradio/src/gr-fm_debug/build/CMakeFiles/CMakeTmp

Run Build Command:"/usr/bin/make" "cmTC_8be8e/fast"
/usr/bin/make -f CMakeFiles/cmTC_8be8e.dir/build.make CMakeFiles/cmTC_8be8e.dir/build
make[1]: Entering directory '/home/jojo/cradio/gnuradio/src/gr-fm_debug/build/CMakeFiles/CMakeTmp'
Building CXX object CMakeFiles/cmTC_8be8e.dir/feature_tests.cxx.o
/usr/bin/c++    -march=x86-64 -mtune=generic -O2 -pipe -fstack-protector-strong -fno-plt    -std=c++17 -o CMakeFiles/cmTC_8be8e.dir/feature_tests.cxx.o -c /home/jojo/cradio/gnuradio/src/gr-fm_debug/build/CMakeFiles/feature_tests.cxx
Linking CXX executable cmTC_8be8e
/usr/bin/cmake -E cmake_link_script CMakeFiles/cmTC_8be8e.dir/link.txt --verbose=1
/usr/bin/c++  -march=x86-64 -mtune=generic -O2 -pipe -fstack-protector-strong -fno-plt   -Wl,-O1,--sort-common,--as-needed,-z,relro,-z,now  -rdynamic CMakeFiles/cmTC_8be8e.dir/feature_tests.cxx.o  -o cmTC_8be8e 
make[1]: Leaving directory '/home/jojo/cradio/gnuradio/src/gr-fm_debug/build/CMakeFiles/CMakeTmp'


    Feature record: CXX_FEATURE:1cxx_aggregate_default_initializers
    Feature record: CXX_FEATURE:1cxx_alias_templates
    Feature record: CXX_FEATURE:1cxx_alignas
    Feature record: CXX_FEATURE:1cxx_alignof
    Feature record: CXX_FEATURE:1cxx_attributes
    Feature record: CXX_FEATURE:1cxx_attribute_deprecated
    Feature record: CXX_FEATURE:1cxx_auto_type
    Feature record: CXX_FEATURE:1cxx_binary_literals
    Feature record: CXX_FEATURE:1cxx_constexpr
    Feature record: CXX_FEATURE:1cxx_contextual_conversions
    Feature record: CXX_FEATURE:1cxx_decltype
    Feature record: CXX_FEATURE:1cxx_decltype_auto
    Feature record: CXX_FEATURE:1cxx_decltype_incomplete_return_types
    Feature record: CXX_FEATURE:1cxx_default_function_template_args
    Feature record: CXX_FEATURE:1cxx_defaulted_functions
    Feature record: CXX_FEATURE:1cxx_defaulted_move_initializers
    Feature record: CXX_FEATURE:1cxx_delegating_constructors
    Feature record: CXX_FEATURE:1cxx_deleted_functions
    Feature record: CXX_FEATURE:1cxx_digit_separators
    Feature record: CXX_FEATURE:1cxx_enum_forward_declarations
    Feature record: CXX_FEATURE:1cxx_explicit_conversions
    Feature record: CXX_FEATURE:1cxx_extended_friend_declarations
    Feature record: CXX_FEATURE:1cxx_extern_templates
    Feature record: CXX_FEATURE:1cxx_final
    Feature record: CXX_FEATURE:1cxx_func_identifier
    Feature record: CXX_FEATURE:1cxx_generalized_initializers
    Feature record: CXX_FEATURE:1cxx_generic_lambdas
    Feature record: CXX_FEATURE:1cxx_inheriting_constructors
    Feature record: CXX_FEATURE:1cxx_inline_namespaces
    Feature record: CXX_FEATURE:1cxx_lambdas
    Feature record: CXX_FEATURE:1cxx_lambda_init_captures
    Feature record: CXX_FEATURE:1cxx_local_type_template_args
    Feature record: CXX_FEATURE:1cxx_long_long_type
    Feature record: CXX_FEATURE:1cxx_noexcept
    Feature record: CXX_FEATURE:1cxx_nonstatic_member_init
    Feature record: CXX_FEATURE:1cxx_nullptr
    Feature record: CXX_FEATURE:1cxx_override
    Feature record: CXX_FEATURE:1cxx_range_for
    Feature record: CXX_FEATURE:1cxx_raw_string_literals
    Feature record: CXX_FEATURE:1cxx_reference_qualified_functions
    Feature record: CXX_FEATURE:1cxx_relaxed_constexpr
    Feature record: CXX_FEATURE:1cxx_return_type_deduction
    Feature record: CXX_FEATURE:1cxx_right_angle_brackets
    Feature record: CXX_FEATURE:1cxx_rvalue_references
    Feature record: CXX_FEATURE:1cxx_sizeof_member
    Feature record: CXX_FEATURE:1cxx_static_assert
    Feature record: CXX_FEATURE:1cxx_strong_enums
    Feature record: CXX_FEATURE:1cxx_template_template_parameters
    Feature record: CXX_FEATURE:1cxx_thread_local
    Feature record: CXX_FEATURE:1cxx_trailing_return_types
    Feature record: CXX_FEATURE:1cxx_unicode_literals
    Feature record: CXX_FEATURE:1cxx_uniform_initialization
    Feature record: CXX_FEATURE:1cxx_unrestricted_unions
    Feature record: CXX_FEATURE:1cxx_user_literals
    Feature record: CXX_FEATURE:1cxx_variable_templates
    Feature record: CXX_FEATURE:1cxx_variadic_macros
    Feature record: CXX_FEATURE:1cxx_variadic_templates


Detecting CXX [-std=c++14] compiler features compiled with the following output:
Change Dir: /home/jojo/cradio/gnuradio/src/gr-fm_debug/build/CMakeFiles/CMakeTmp

Run Build Command:"/usr/bin/make" "cmTC_63e84/fast"
/usr/bin/make -f CMakeFiles/cmTC_63e84.dir/build.make CMakeFiles/cmTC_63e84.dir/build
make[1]: Entering directory '/home/jojo/cradio/gnuradio/src/gr-fm_debug/build/CMakeFiles/CMakeTmp'
Building CXX object CMakeFiles/cmTC_63e84.dir/feature_tests.cxx.o
/usr/bin/c++    -march=x86-64 -mtune=generic -O2 -pipe -fstack-protector-strong -fno-plt    -std=c++14 -o CMakeFiles/cmTC_63e84.dir/feature_tests.cxx.o -c /home/jojo/cradio/gnuradio/src/gr-fm_debug/build/CMakeFiles/feature_tests.cxx
Linking CXX executable cmTC_63e84
/usr/bin/cmake -E cmake_link_script CMakeFiles/cmTC_63e84.dir/link.txt --verbose=1
/usr/bin/c++  -march=x86-64 -mtune=generic -O2 -pipe -fstack-protector-strong -fno-plt   -Wl,-O1,--sort-common,--as-needed,-z,relro,-z,now  -rdynamic CMakeFiles/cmTC_63e84.dir/feature_tests.cxx.o  -o cmTC_63e84 
make[1]: Leaving directory '/home/jojo/cradio/gnuradio/src/gr-fm_debug/build/CMakeFiles/CMakeTmp'


    Feature record: CXX_FEATURE:1cxx_aggregate_default_initializers
    Feature record: CXX_FEATURE:1cxx_alias_templates
    Feature record: CXX_FEATURE:1cxx_alignas
    Feature record: CXX_FEATURE:1cxx_alignof
    Feature record: CXX_FEATURE:1cxx_attributes
    Feature record: CXX_FEATURE:1cxx_attribute_deprecated
    Feature record: CXX_FEATURE:1cxx_auto_type
    Feature record: CXX_FEATURE:1cxx_binary_literals
    Feature record: CXX_FEATURE:1cxx_constexpr
    Feature record: CXX_FEATURE:1cxx_contextual_conversions
    Feature record: CXX_FEATURE:1cxx_decltype
    Feature record: CXX_FEATURE:1cxx_decltype_auto
    Feature record: CXX_FEATURE:1cxx_decltype_incomplete_return_types
    Feature record: CXX_FEATURE:1cxx_default_function_template_args
    Feature record: CXX_FEATURE:1cxx_defaulted_functions
    Feature record: CXX_FEATURE:1cxx_defaulted_move_initializers
    Feature record: CXX_FEATURE:1cxx_delegating_constructors
    Feature record: CXX_FEATURE:1cxx_deleted_functions
    Feature record: CXX_FEATURE:1cxx_digit_separators
    Feature record: CXX_FEATURE:1cxx_enum_forward_declarations
    Feature record: CXX_FEATURE:1cxx_explicit_conversions
    Feature record: CXX_FEATURE:1cxx_extended_friend_declarations
    Feature record: CXX_FEATURE:1cxx_extern_templates
    Feature record: CXX_FEATURE:1cxx_final
    Feature record: CXX_FEATURE:1cxx_func_identifier
    Feature record: CXX_FEATURE:1cxx_generalized_initializers
    Feature record: CXX_FEATURE:1cxx_generic_lambdas
    Feature record: CXX_FEATURE:1cxx_inheriting_constructors
    Feature record: CXX_FEATURE:1cxx_inline_namespaces
    Feature record: CXX_FEATURE:1cxx_lambdas
    Feature record: CXX_FEATURE:1cxx_lambda_init_captures
    Feature record: CXX_FEATURE:1cxx_local_type_template_args
    Feature record: CXX_FEATURE:1cxx_long_long_type
    Feature record: CXX_FEATURE:1cxx_noexcept
    Feature record: CXX_FEATURE:1cxx_nonstatic_member_init
    Feature record: CXX_FEATURE:1cxx_nullptr
    Feature record: CXX_FEATURE:1cxx_override
    Feature record: CXX_FEATURE:1cxx_range_for
    Feature record: CXX_FEATURE:1cxx_raw_string_literals
    Feature record: CXX_FEATURE:1cxx_reference_qualified_functions
    Feature record: CXX_FEATURE:1cxx_relaxed_constexpr
    Feature record: CXX_FEATURE:1cxx_return_type_deduction
    Feature record: CXX_FEATURE:1cxx_right_angle_brackets
    Feature record: CXX_FEATURE:1cxx_rvalue_references
    Feature record: CXX_FEATURE:1cxx_sizeof_member
    Feature record: CXX_FEATURE:1cxx_static_assert
    Feature record: CXX_FEATURE:1cxx_strong_enums
    Feature record: CXX_FEATURE:1cxx_template_template_parameters
    Feature record: CXX_FEATURE:1cxx_thread_local
    Feature record: CXX_FEATURE:1cxx_trailing_return_types
    Feature record: CXX_FEATURE:1cxx_unicode_literals
    Feature record: CXX_FEATURE:1cxx_uniform_initialization
    Feature record: CXX_FEATURE:1cxx_unrestricted_unions
    Feature record: CXX_FEATURE:1cxx_user_literals
    Feature record: CXX_FEATURE:1cxx_variable_templates
    Feature record: CXX_FEATURE:1cxx_variadic_macros
    Feature record: CXX_FEATURE:1cxx_variadic_templates


Detecting CXX [-std=c++11] compiler features compiled with the following output:
Change Dir: /home/jojo/cradio/gnuradio/src/gr-fm_debug/build/CMakeFiles/CMakeTmp

Run Build Command:"/usr/bin/make" "cmTC_11ef7/fast"
/usr/bin/make -f CMakeFiles/cmTC_11ef7.dir/build.make CMakeFiles/cmTC_11ef7.dir/build
make[1]: Entering directory '/home/jojo/cradio/gnuradio/src/gr-fm_debug/build/CMakeFiles/CMakeTmp'
Building CXX object CMakeFiles/cmTC_11ef7.dir/feature_tests.cxx.o
/usr/bin/c++    -march=x86-64 -mtune=generic -O2 -pipe -fstack-protector-strong -fno-plt    -std=c++11 -o CMakeFiles/cmTC_11ef7.dir/feature_tests.cxx.o -c /home/jojo/cradio/gnuradio/src/gr-fm_debug/build/CMakeFiles/feature_tests.cxx
Linking CXX executable cmTC_11ef7
/usr/bin/cmake -E cmake_link_script CMakeFiles/cmTC_11ef7.dir/link.txt --verbose=1
/usr/bin/c++  -march=x86-64 -mtune=generic -O2 -pipe -fstack-protector-strong -fno-plt   -Wl,-O1,--sort-common,--as-needed,-z,relro,-z,now  -rdynamic CMakeFiles/cmTC_11ef7.dir/feature_tests.cxx.o  -o cmTC_11ef7 
make[1]: Leaving directory '/home/jojo/cradio/gnuradio/src/gr-fm_debug/build/CMakeFiles/CMakeTmp'


    Feature record: CXX_FEATURE:0cxx_aggregate_default_initializers
    Feature record: CXX_FEATURE:1cxx_alias_templates
    Feature record: CXX_FEATURE:1cxx_alignas
    Feature record: CXX_FEATURE:1cxx_alignof
    Feature record: CXX_FEATURE:1cxx_attributes
    Feature record: CXX_FEATURE:0cxx_attribute_deprecated
    Feature record: CXX_FEATURE:1cxx_auto_type
    Feature record: CXX_FEATURE:0cxx_binary_literals
    Feature record: CXX_FEATURE:1cxx_constexpr
    Feature record: CXX_FEATURE:0cxx_contextual_conversions
    Feature record: CXX_FEATURE:1cxx_decltype
    Feature record: CXX_FEATURE:0cxx_decltype_auto
    Feature record: CXX_FEATURE:1cxx_decltype_incomplete_return_types
    Feature record: CXX_FEATURE:1cxx_default_function_template_args
    Feature record: CXX_FEATURE:1cxx_defaulted_functions
    Feature record: CXX_FEATURE:1cxx_defaulted_move_initializers
    Feature record: CXX_FEATURE:1cxx_delegating_constructors
    Feature record: CXX_FEATURE:1cxx_deleted_functions
    Feature record: CXX_FEATURE:0cxx_digit_separators
    Feature record: CXX_FEATURE:1cxx_enum_forward_declarations
    Feature record: CXX_FEATURE:1cxx_explicit_conversions
    Feature record: CXX_FEATURE:1cxx_extended_friend_declarations
    Feature record: CXX_FEATURE:1cxx_extern_templates
    Feature record: CXX_FEATURE:1cxx_final
    Feature record: CXX_FEATURE:1cxx_func_identifier
    Feature record: CXX_FEATURE:1cxx_generalized_initializers
    Feature record: CXX_FEATURE:0cxx_generic_lambdas
    Feature record: CXX_FEATURE:1cxx_inheriting_constructors
    Feature record: CXX_FEATURE:1cxx_inline_namespaces
    Feature record: CXX_FEATURE:1cxx_lambdas
    Feature record: CXX_FEATURE:0cxx_lambda_init_captures
    Feature record: CXX_FEATURE:1cxx_local_type_template_args
    Feature record: CXX_FEATURE:1cxx_long_long_type
    Feature record: CXX_FEATURE:1cxx_noexcept
    Feature record: CXX_FEATURE:1cxx_nonstatic_member_init
    Feature record: CXX_FEATURE:1cxx_nullptr
    Feature record: CXX_FEATURE:1cxx_override
    Feature record: CXX_FEATURE:1cxx_range_for
    Feature record: CXX_FEATURE:1cxx_raw_string_literals
    Feature record: CXX_FEATURE:1cxx_reference_qualified_functions
    Feature record: CXX_FEATURE:0cxx_relaxed_constexpr
    Feature record: CXX_FEATURE:0cxx_return_type_deduction
    Feature record: CXX_FEATURE:1cxx_right_angle_brackets
    Feature record: CXX_FEATURE:1cxx_rvalue_references
    Feature record: CXX_FEATURE:1cxx_sizeof_member
    Feature record: CXX_FEATURE:1cxx_static_assert
    Feature record: CXX_FEATURE:1cxx_strong_enums
    Feature record: CXX_FEATURE:1cxx_template_template_parameters
    Feature record: CXX_FEATURE:1cxx_thread_local
    Feature record: CXX_FEATURE:1cxx_trailing_return_types
    Feature record: CXX_FEATURE:1cxx_unicode_literals
    Feature record: CXX_FEATURE:1cxx_uniform_initialization
    Feature record: CXX_FEATURE:1cxx_unrestricted_unions
    Feature record: CXX_FEATURE:1cxx_user_literals
    Feature record: CXX_FEATURE:0cxx_variable_templates
    Feature record: CXX_FEATURE:1cxx_variadic_macros
    Feature record: CXX_FEATURE:1cxx_variadic_templates


Detecting CXX [-std=c++98] compiler features compiled with the following output:
Change Dir: /home/jojo/cradio/gnuradio/src/gr-fm_debug/build/CMakeFiles/CMakeTmp

Run Build Command:"/usr/bin/make" "cmTC_fbd14/fast"
/usr/bin/make -f CMakeFiles/cmTC_fbd14.dir/build.make CMakeFiles/cmTC_fbd14.dir/build
make[1]: Entering directory '/home/jojo/cradio/gnuradio/src/gr-fm_debug/build/CMakeFiles/CMakeTmp'
Building CXX object CMakeFiles/cmTC_fbd14.dir/feature_tests.cxx.o
/usr/bin/c++    -march=x86-64 -mtune=generic -O2 -pipe -fstack-protector-strong -fno-plt    -std=c++98 -o CMakeFiles/cmTC_fbd14.dir/feature_tests.cxx.o -c /home/jojo/cradio/gnuradio/src/gr-fm_debug/build/CMakeFiles/feature_tests.cxx
Linking CXX executable cmTC_fbd14
/usr/bin/cmake -E cmake_link_script CMakeFiles/cmTC_fbd14.dir/link.txt --verbose=1
/usr/bin/c++  -march=x86-64 -mtune=generic -O2 -pipe -fstack-protector-strong -fno-plt   -Wl,-O1,--sort-common,--as-needed,-z,relro,-z,now  -rdynamic CMakeFiles/cmTC_fbd14.dir/feature_tests.cxx.o  -o cmTC_fbd14 
make[1]: Leaving directory '/home/jojo/cradio/gnuradio/src/gr-fm_debug/build/CMakeFiles/CMakeTmp'


    Feature record: CXX_FEATURE:0cxx_aggregate_default_initializers
    Feature record: CXX_FEATURE:0cxx_alias_templates
    Feature record: CXX_FEATURE:0cxx_alignas
    Feature record: CXX_FEATURE:0cxx_alignof
    Feature record: CXX_FEATURE:0cxx_attributes
    Feature record: CXX_FEATURE:0cxx_attribute_deprecated
    Feature record: CXX_FEATURE:0cxx_auto_type
    Feature record: CXX_FEATURE:0cxx_binary_literals
    Feature record: CXX_FEATURE:0cxx_constexpr
    Feature record: CXX_FEATURE:0cxx_contextual_conversions
    Feature record: CXX_FEATURE:0cxx_decltype
    Feature record: CXX_FEATURE:0cxx_decltype_auto
    Feature record: CXX_FEATURE:0cxx_decltype_incomplete_return_types
    Feature record: CXX_FEATURE:0cxx_default_function_template_args
    Feature record: CXX_FEATURE:0cxx_defaulted_functions
    Feature record: CXX_FEATURE:0cxx_defaulted_move_initializers
    Feature record: CXX_FEATURE:0cxx_delegating_constructors
    Feature record: CXX_FEATURE:0cxx_deleted_functions
    Feature record: CXX_FEATURE:0cxx_digit_separators
    Feature record: CXX_FEATURE:0cxx_enum_forward_declarations
    Feature record: CXX_FEATURE:0cxx_explicit_conversions
    Feature record: CXX_FEATURE:0cxx_extended_friend_declarations
    Feature record: CXX_FEATURE:0cxx_extern_templates
    Feature record: CXX_FEATURE:0cxx_final
    Feature record: CXX_FEATURE:0cxx_func_identifier
    Feature record: CXX_FEATURE:0cxx_generalized_initializers
    Feature record: CXX_FEATURE:0cxx_generic_lambdas
    Feature record: CXX_FEATURE:0cxx_inheriting_constructors
    Feature record: CXX_FEATURE:0cxx_inline_namespaces
    Feature record: CXX_FEATURE:0cxx_lambdas
    Feature record: CXX_FEATURE:0cxx_lambda_init_captures
    Feature record: CXX_FEATURE:0cxx_local_type_template_args
    Feature record: CXX_FEATURE:0cxx_long_long_type
    Feature record: CXX_FEATURE:0cxx_noexcept
    Feature record: CXX_FEATURE:0cxx_nonstatic_member_init
    Feature record: CXX_FEATURE:0cxx_nullptr
    Feature record: CXX_FEATURE:0cxx_override
    Feature record: CXX_FEATURE:0cxx_range_for
    Feature record: CXX_FEATURE:0cxx_raw_string_literals
    Feature record: CXX_FEATURE:0cxx_reference_qualified_functions
    Feature record: CXX_FEATURE:0cxx_relaxed_constexpr
    Feature record: CXX_FEATURE:0cxx_return_type_deduction
    Feature record: CXX_FEATURE:0cxx_right_angle_brackets
    Feature record: CXX_FEATURE:0cxx_rvalue_references
    Feature record: CXX_FEATURE:0cxx_sizeof_member
    Feature record: CXX_FEATURE:0cxx_static_assert
    Feature record: CXX_FEATURE:0cxx_strong_enums
    Feature record: CXX_FEATURE:1cxx_template_template_parameters
    Feature record: CXX_FEATURE:0cxx_thread_local
    Feature record: CXX_FEATURE:0cxx_trailing_return_types
    Feature record: CXX_FEATURE:0cxx_unicode_literals
    Feature record: CXX_FEATURE:0cxx_uniform_initialization
    Feature record: CXX_FEATURE:0cxx_unrestricted_unions
    Feature record: CXX_FEATURE:0cxx_user_literals
    Feature record: CXX_FEATURE:0cxx_variable_templates
    Feature record: CXX_FEATURE:0cxx_variadic_macros
    Feature record: CXX_FEATURE:0cxx_variadic_templates
Determining if the C compiler works passed with the following output:
Change Dir: /home/jojo/cradio/gnuradio/src/gr-fm_debug/build/CMakeFiles/CMakeTmp

Run Build Command:"/usr/bin/make" "cmTC_6999f/fast"
/usr/bin/make -f CMakeFiles/cmTC_6999f.dir/build.make CMakeFiles/cmTC_6999f.dir/build
make[1]: Entering directory '/home/jojo/cradio/gnuradio/src/gr-fm_debug/build/CMakeFiles/CMakeTmp'
Building C object CMakeFiles/cmTC_6999f.dir/testCCompiler.c.o
/usr/bin/cc   -march=x86-64 -mtune=generic -O2 -pipe -fstack-protector-strong -fno-plt    -o CMakeFiles/cmTC_6999f.dir/testCCompiler.c.o   -c /home/jojo/cradio/gnuradio/src/gr-fm_debug/build/CMakeFiles/CMakeTmp/testCCompiler.c
Linking C executable cmTC_6999f
/usr/bin/cmake -E cmake_link_script CMakeFiles/cmTC_6999f.dir/link.txt --verbose=1
/usr/bin/cc -march=x86-64 -mtune=generic -O2 -pipe -fstack-protector-strong -fno-plt   -Wl,-O1,--sort-common,--as-needed,-z,relro,-z,now  -rdynamic CMakeFiles/cmTC_6999f.dir/testCCompiler.c.o  -o cmTC_6999f 
make[1]: Leaving directory '/home/jojo/cradio/gnuradio/src/gr-fm_debug/build/CMakeFiles/CMakeTmp'


Detecting C compiler ABI info compiled with the following output:
Change Dir: /home/jojo/cradio/gnuradio/src/gr-fm_debug/build/CMakeFiles/CMakeTmp

Run Build Command:"/usr/bin/make" "cmTC_fc8b5/fast"
/usr/bin/make -f CMakeFiles/cmTC_fc8b5.dir/build.make CMakeFiles/cmTC_fc8b5.dir/build
make[1]: Entering directory '/home/jojo/cradio/gnuradio/src/gr-fm_debug/build/CMakeFiles/CMakeTmp'
Building C object CMakeFiles/cmTC_fc8b5.dir/CMakeCCompilerABI.c.o
/usr/bin/cc   -march=x86-64 -mtune=generic -O2 -pipe -fstack-protector-strong -fno-plt    -o CMakeFiles/cmTC_fc8b5.dir/CMakeCCompilerABI.c.o   -c /usr/share/cmake-3.12/Modules/CMakeCCompilerABI.c
Linking C executable cmTC_fc8b5
/usr/bin/cmake -E cmake_link_script CMakeFiles/cmTC_fc8b5.dir/link.txt --verbose=1
/usr/bin/cc -march=x86-64 -mtune=generic -O2 -pipe -fstack-protector-strong -fno-plt   -Wl,-O1,--sort-common,--as-needed,-z,relro,-z,now -v -rdynamic CMakeFiles/cmTC_fc8b5.dir/CMakeCCompilerABI.c.o  -o cmTC_fc8b5 
Using built-in specs.
COLLECT_GCC=/usr/bin/cc
COLLECT_LTO_WRAPPER=/usr/lib/gcc/x86_64-pc-linux-gnu/8.2.1/lto-wrapper
Target: x86_64-pc-linux-gnu
Configured with: /build/gcc/src/gcc/configure --prefix=/usr --libdir=/usr/lib --libexecdir=/usr/lib --mandir=/usr/share/man --infodir=/usr/share/info --with-bugurl=https://bugs.archlinux.org/ --enable-languages=c,c++,ada,fortran,go,lto,objc,obj-c++ --enable-shared --enable-threads=posix --enable-libmpx --with-system-zlib --with-isl --enable-__cxa_atexit --disable-libunwind-exceptions --enable-clocale=gnu --disable-libstdcxx-pch --disable-libssp --enable-gnu-unique-object --enable-linker-build-id --enable-lto --enable-plugin --enable-install-libiberty --with-linker-hash-style=gnu --enable-gnu-indirect-function --enable-multilib --disable-werror --enable-checking=release --enable-default-pie --enable-default-ssp --enable-cet=auto
Thread model: posix
gcc version 8.2.1 20180831 (GCC) 
COMPILER_PATH=/usr/lib/gcc/x86_64-pc-linux-gnu/8.2.1/:/usr/lib/gcc/x86_64-pc-linux-gnu/8.2.1/:/usr/lib/gcc/x86_64-pc-linux-gnu/:/usr/lib/gcc/x86_64-pc-linux-gnu/8.2.1/:/usr/lib/gcc/x86_64-pc-linux-gnu/
LIBRARY_PATH=/usr/lib/gcc/x86_64-pc-linux-gnu/8.2.1/:/usr/lib/gcc/x86_64-pc-linux-gnu/8.2.1/../../../../lib/:/lib/../lib/:/usr/lib/../lib/:/usr/lib/gcc/x86_64-pc-linux-gnu/8.2.1/../../../:/lib/:/usr/lib/
COLLECT_GCC_OPTIONS='-march=x86-64' '-mtune=generic' '-O2' '-pipe' '-fstack-protector-strong' '-fno-plt' '-v' '-rdynamic' '-o' 'cmTC_fc8b5'
 /usr/lib/gcc/x86_64-pc-linux-gnu/8.2.1/collect2 -plugin /usr/lib/gcc/x86_64-pc-linux-gnu/8.2.1/liblto_plugin.so -plugin-opt=/usr/lib/gcc/x86_64-pc-linux-gnu/8.2.1/lto-wrapper -plugin-opt=-fresolution=/tmp/ccF4G1tu.res -plugin-opt=-pass-through=-lgcc -plugin-opt=-pass-through=-lgcc_s -plugin-opt=-pass-through=-lc -plugin-opt=-pass-through=-lgcc -plugin-opt=-pass-through=-lgcc_s --build-id --eh-frame-hdr --hash-style=gnu -m elf_x86_64 -export-dynamic -dynamic-linker /lib64/ld-linux-x86-64.so.2 -pie -o cmTC_fc8b5 /usr/lib/gcc/x86_64-pc-linux-gnu/8.2.1/../../../../lib/Scrt1.o /usr/lib/gcc/x86_64-pc-linux-gnu/8.2.1/../../../../lib/crti.o /usr/lib/gcc/x86_64-pc-linux-gnu/8.2.1/crtbeginS.o -L/usr/lib/gcc/x86_64-pc-linux-gnu/8.2.1 -L/usr/lib/gcc/x86_64-pc-linux-gnu/8.2.1/../../../../lib -L/lib/../lib -L/usr/lib/../lib -L/usr/lib/gcc/x86_64-pc-linux-gnu/8.2.1/../../.. -O1 --sort-common --as-needed -z relro -z now CMakeFiles/cmTC_fc8b5.dir/CMakeCCompilerABI.c.o -lgcc --as-needed -lgcc_s --no-as-needed -lc -lgcc --as-needed -lgcc_s --no-as-needed /usr/lib/gcc/x86_64-pc-linux-gnu/8.2.1/crtendS.o /usr/lib/gcc/x86_64-pc-linux-gnu/8.2.1/../../../../lib/crtn.o
COLLECT_GCC_OPTIONS='-march=x86-64' '-mtune=generic' '-O2' '-pipe' '-fstack-protector-strong' '-fno-plt' '-v' '-rdynamic' '-o' 'cmTC_fc8b5'
make[1]: Leaving directory '/home/jojo/cradio/gnuradio/src/gr-fm_debug/build/CMakeFiles/CMakeTmp'


Parsed C implicit link information from above output:
  link line regex: [^( *|.*[/\])(ld|CMAKE_LINK_STARTFILE-NOTFOUND|([^/\]+-)?ld|collect2)[^/\]*( |$)]
  ignore line: [Change Dir: /home/jojo/cradio/gnuradio/src/gr-fm_debug/build/CMakeFiles/CMakeTmp]
  ignore line: []
  ignore line: [Run Build Command:"/usr/bin/make" "cmTC_fc8b5/fast"]
  ignore line: [/usr/bin/make -f CMakeFiles/cmTC_fc8b5.dir/build.make CMakeFiles/cmTC_fc8b5.dir/build]
  ignore line: [make[1]: Entering directory '/home/jojo/cradio/gnuradio/src/gr-fm_debug/build/CMakeFiles/CMakeTmp']
  ignore line: [Building C object CMakeFiles/cmTC_fc8b5.dir/CMakeCCompilerABI.c.o]
  ignore line: [/usr/bin/cc   -march=x86-64 -mtune=generic -O2 -pipe -fstack-protector-strong -fno-plt    -o CMakeFiles/cmTC_fc8b5.dir/CMakeCCompilerABI.c.o   -c /usr/share/cmake-3.12/Modules/CMakeCCompilerABI.c]
  ignore line: [Linking C executable cmTC_fc8b5]
  ignore line: [/usr/bin/cmake -E cmake_link_script CMakeFiles/cmTC_fc8b5.dir/link.txt --verbose=1]
  ignore line: [/usr/bin/cc -march=x86-64 -mtune=generic -O2 -pipe -fstack-protector-strong -fno-plt   -Wl,-O1,--sort-common,--as-needed,-z,relro,-z,now -v -rdynamic CMakeFiles/cmTC_fc8b5.dir/CMakeCCompilerABI.c.o  -o cmTC_fc8b5 ]
  ignore line: [Using built-in specs.]
  ignore line: [COLLECT_GCC=/usr/bin/cc]
  ignore line: [COLLECT_LTO_WRAPPER=/usr/lib/gcc/x86_64-pc-linux-gnu/8.2.1/lto-wrapper]
  ignore line: [Target: x86_64-pc-linux-gnu]
  ignore line: [Configured with: /build/gcc/src/gcc/configure --prefix=/usr --libdir=/usr/lib --libexecdir=/usr/lib --mandir=/usr/share/man --infodir=/usr/share/info --with-bugurl=https://bugs.archlinux.org/ --enable-languages=c,c++,ada,fortran,go,lto,objc,obj-c++ --enable-shared --enable-threads=posix --enable-libmpx --with-system-zlib --with-isl --enable-__cxa_atexit --disable-libunwind-exceptions --enable-clocale=gnu --disable-libstdcxx-pch --disable-libssp --enable-gnu-unique-object --enable-linker-build-id --enable-lto --enable-plugin --enable-install-libiberty --with-linker-hash-style=gnu --enable-gnu-indirect-function --enable-multilib --disable-werror --enable-checking=release --enable-default-pie --enable-default-ssp --enable-cet=auto]
  ignore line: [Thread model: posix]
  ignore line: [gcc version 8.2.1 20180831 (GCC) ]
  ignore line: [COMPILER_PATH=/usr/lib/gcc/x86_64-pc-linux-gnu/8.2.1/:/usr/lib/gcc/x86_64-pc-linux-gnu/8.2.1/:/usr/lib/gcc/x86_64-pc-linux-gnu/:/usr/lib/gcc/x86_64-pc-linux-gnu/8.2.1/:/usr/lib/gcc/x86_64-pc-linux-gnu/]
  ignore line: [LIBRARY_PATH=/usr/lib/gcc/x86_64-pc-linux-gnu/8.2.1/:/usr/lib/gcc/x86_64-pc-linux-gnu/8.2.1/../../../../lib/:/lib/../lib/:/usr/lib/../lib/:/usr/lib/gcc/x86_64-pc-linux-gnu/8.2.1/../../../:/lib/:/usr/lib/]
  ignore line: [COLLECT_GCC_OPTIONS='-march=x86-64' '-mtune=generic' '-O2' '-pipe' '-fstack-protector-strong' '-fno-plt' '-v' '-rdynamic' '-o' 'cmTC_fc8b5']
  link line: [ /usr/lib/gcc/x86_64-pc-linux-gnu/8.2.1/collect2 -plugin /usr/lib/gcc/x86_64-pc-linux-gnu/8.2.1/liblto_plugin.so -plugin-opt=/usr/lib/gcc/x86_64-pc-linux-gnu/8.2.1/lto-wrapper -plugin-opt=-fresolution=/tmp/ccF4G1tu.res -plugin-opt=-pass-through=-lgcc -plugin-opt=-pass-through=-lgcc_s -plugin-opt=-pass-through=-lc -plugin-opt=-pass-through=-lgcc -plugin-opt=-pass-through=-lgcc_s --build-id --eh-frame-hdr --hash-style=gnu -m elf_x86_64 -export-dynamic -dynamic-linker /lib64/ld-linux-x86-64.so.2 -pie -o cmTC_fc8b5 /usr/lib/gcc/x86_64-pc-linux-gnu/8.2.1/../../../../lib/Scrt1.o /usr/lib/gcc/x86_64-pc-linux-gnu/8.2.1/../../../../lib/crti.o /usr/lib/gcc/x86_64-pc-linux-gnu/8.2.1/crtbeginS.o -L/usr/lib/gcc/x86_64-pc-linux-gnu/8.2.1 -L/usr/lib/gcc/x86_64-pc-linux-gnu/8.2.1/../../../../lib -L/lib/../lib -L/usr/lib/../lib -L/usr/lib/gcc/x86_64-pc-linux-gnu/8.2.1/../../.. -O1 --sort-common --as-needed -z relro -z now CMakeFiles/cmTC_fc8b5.dir/CMakeCCompilerABI.c.o -lgcc --as-needed -lgcc_s --no-as-needed -lc -lgcc --as-needed -lgcc_s --no-as-needed /usr/lib/gcc/x86_64-pc-linux-gnu/8.2.1/crtendS.o /usr/lib/gcc/x86_64-pc-linux-gnu/8.2.1/../../../../lib/crtn.o]
    arg [/usr/lib/gcc/x86_64-pc-linux-gnu/8.2.1/collect2] ==> ignore
    arg [-plugin] ==> ignore
    arg [/usr/lib/gcc/x86_64-pc-linux-gnu/8.2.1/liblto_plugin.so] ==> ignore
    arg [-plugin-opt=/usr/lib/gcc/x86_64-pc-linux-gnu/8.2.1/lto-wrapper] ==> ignore
    arg [-plugin-opt=-fresolution=/tmp/ccF4G1tu.res] ==> ignore
    arg [-plugin-opt=-pass-through=-lgcc] ==> ignore
    arg [-plugin-opt=-pass-through=-lgcc_s] ==> ignore
    arg [-plugin-opt=-pass-through=-lc] ==> ignore
    arg [-plugin-opt=-pass-through=-lgcc] ==> ignore
    arg [-plugin-opt=-pass-through=-lgcc_s] ==> ignore
    arg [--build-id] ==> ignore
    arg [--eh-frame-hdr] ==> ignore
    arg [--hash-style=gnu] ==> ignore
    arg [-m] ==> ignore
    arg [elf_x86_64] ==> ignore
    arg [-export-dynamic] ==> ignore
    arg [-dynamic-linker] ==> ignore
    arg [/lib64/ld-linux-x86-64.so.2] ==> ignore
    arg [-pie] ==> ignore
    arg [-o] ==> ignore
    arg [cmTC_fc8b5] ==> ignore
    arg [/usr/lib/gcc/x86_64-pc-linux-gnu/8.2.1/../../../../lib/Scrt1.o] ==> ignore
    arg [/usr/lib/gcc/x86_64-pc-linux-gnu/8.2.1/../../../../lib/crti.o] ==> ignore
    arg [/usr/lib/gcc/x86_64-pc-linux-gnu/8.2.1/crtbeginS.o] ==> ignore
    arg [-L/usr/lib/gcc/x86_64-pc-linux-gnu/8.2.1] ==> dir [/usr/lib/gcc/x86_64-pc-linux-gnu/8.2.1]
    arg [-L/usr/lib/gcc/x86_64-pc-linux-gnu/8.2.1/../../../../lib] ==> dir [/usr/lib/gcc/x86_64-pc-linux-gnu/8.2.1/../../../../lib]
    arg [-L/lib/../lib] ==> dir [/lib/../lib]
    arg [-L/usr/lib/../lib] ==> dir [/usr/lib/../lib]
    arg [-L/usr/lib/gcc/x86_64-pc-linux-gnu/8.2.1/../../..] ==> dir [/usr/lib/gcc/x86_64-pc-linux-gnu/8.2.1/../../..]
    arg [-O1] ==> ignore
    arg [--sort-common] ==> ignore
    arg [--as-needed] ==> ignore
    arg [-zrelro] ==> ignore
    arg [-znow] ==> ignore
    arg [CMakeFiles/cmTC_fc8b5.dir/CMakeCCompilerABI.c.o] ==> ignore
    arg [-lgcc] ==> lib [gcc]
    arg [--as-needed] ==> ignore
    arg [-lgcc_s] ==> lib [gcc_s]
    arg [--no-as-needed] ==> ignore
    arg [-lc] ==> lib [c]
    arg [-lgcc] ==> lib [gcc]
    arg [--as-needed] ==> ignore
    arg [-lgcc_s] ==> lib [gcc_s]
    arg [--no-as-needed] ==> ignore
    arg [/usr/lib/gcc/x86_64-pc-linux-gnu/8.2.1/crtendS.o] ==> ignore
    arg [/usr/lib/gcc/x86_64-pc-linux-gnu/8.2.1/../../../../lib/crtn.o] ==> ignore
  collapse library dir [/usr/lib/gcc/x86_64-pc-linux-gnu/8.2.1] ==> [/usr/lib/gcc/x86_64-pc-linux-gnu/8.2.1]
  collapse library dir [/usr/lib/gcc/x86_64-pc-linux-gnu/8.2.1/../../../../lib] ==> [/usr/lib]
  collapse library dir [/lib/../lib] ==> [/lib]
  collapse library dir [/usr/lib/../lib] ==> [/usr/lib]
  collapse library dir [/usr/lib/gcc/x86_64-pc-linux-gnu/8.2.1/../../..] ==> [/usr/lib]
  implicit libs: [gcc;gcc_s;c;gcc;gcc_s]
  implicit dirs: [/usr/lib/gcc/x86_64-pc-linux-gnu/8.2.1;/usr/lib;/lib]
  implicit fwks: []




Detecting C [-std=c11] compiler features compiled with the following output:
Change Dir: /home/jojo/cradio/gnuradio/src/gr-fm_debug/build/CMakeFiles/CMakeTmp

Run Build Command:"/usr/bin/make" "cmTC_53b20/fast"
/usr/bin/make -f CMakeFiles/cmTC_53b20.dir/build.make CMakeFiles/cmTC_53b20.dir/build
make[1]: Entering directory '/home/jojo/cradio/gnuradio/src/gr-fm_debug/build/CMakeFiles/CMakeTmp'
Building C object CMakeFiles/cmTC_53b20.dir/feature_tests.c.o
/usr/bin/cc   -march=x86-64 -mtune=generic -O2 -pipe -fstack-protector-strong -fno-plt    -std=c11 -o CMakeFiles/cmTC_53b20.dir/feature_tests.c.o   -c /home/jojo/cradio/gnuradio/src/gr-fm_debug/build/CMakeFiles/feature_tests.c
Linking C executable cmTC_53b20
/usr/bin/cmake -E cmake_link_script CMakeFiles/cmTC_53b20.dir/link.txt --verbose=1
/usr/bin/cc -march=x86-64 -mtune=generic -O2 -pipe -fstack-protector-strong -fno-plt   -Wl,-O1,--sort-common,--as-needed,-z,relro,-z,now  -rdynamic CMakeFiles/cmTC_53b20.dir/feature_tests.c.o  -o cmTC_53b20 
make[1]: Leaving directory '/home/jojo/cradio/gnuradio/src/gr-fm_debug/build/CMakeFiles/CMakeTmp'


    Feature record: C_FEATURE:1c_function_prototypes
    Feature record: C_FEATURE:1c_restrict
    Feature record: C_FEATURE:1c_static_assert
    Feature record: C_FEATURE:1c_variadic_macros


Detecting C [-std=c99] compiler features compiled with the following output:
Change Dir: /home/jojo/cradio/gnuradio/src/gr-fm_debug/build/CMakeFiles/CMakeTmp

Run Build Command:"/usr/bin/make" "cmTC_8b303/fast"
/usr/bin/make -f CMakeFiles/cmTC_8b303.dir/build.make CMakeFiles/cmTC_8b303.dir/build
make[1]: Entering directory '/home/jojo/cradio/gnuradio/src/gr-fm_debug/build/CMakeFiles/CMakeTmp'
Building C object CMakeFiles/cmTC_8b303.dir/feature_tests.c.o
/usr/bin/cc   -march=x86-64 -mtune=generic -O2 -pipe -fstack-protector-strong -fno-plt    -std=c99 -o CMakeFiles/cmTC_8b303.dir/feature_tests.c.o   -c /home/jojo/cradio/gnuradio/src/gr-fm_debug/build/CMakeFiles/feature_tests.c
Linking C executable cmTC_8b303
/usr/bin/cmake -E cmake_link_script CMakeFiles/cmTC_8b303.dir/link.txt --verbose=1
/usr/bin/cc -march=x86-64 -mtune=generic -O2 -pipe -fstack-protector-strong -fno-plt   -Wl,-O1,--sort-common,--as-needed,-z,relro,-z,now  -rdynamic CMakeFiles/cmTC_8b303.dir/feature_tests.c.o  -o cmTC_8b303 
make[1]: Leaving directory '/home/jojo/cradio/gnuradio/src/gr-fm_debug/build/CMakeFiles/CMakeTmp'


    Feature record: C_FEATURE:1c_function_prototypes
    Feature record: C_FEATURE:1c_restrict
    Feature record: C_FEATURE:0c_static_assert
    Feature record: C_FEATURE:1c_variadic_macros


Detecting C [-std=c90] compiler features compiled with the following output:
Change Dir: /home/jojo/cradio/gnuradio/src/gr-fm_debug/build/CMakeFiles/CMakeTmp

Run Build Command:"/usr/bin/make" "cmTC_e4b27/fast"
/usr/bin/make -f CMakeFiles/cmTC_e4b27.dir/build.make CMakeFiles/cmTC_e4b27.dir/build
make[1]: Entering directory '/home/jojo/cradio/gnuradio/src/gr-fm_debug/build/CMakeFiles/CMakeTmp'
Building C object CMakeFiles/cmTC_e4b27.dir/feature_tests.c.o
/usr/bin/cc   -march=x86-64 -mtune=generic -O2 -pipe -fstack-protector-strong -fno-plt    -std=c90 -o CMakeFiles/cmTC_e4b27.dir/feature_tests.c.o   -c /home/jojo/cradio/gnuradio/src/gr-fm_debug/build/CMakeFiles/feature_tests.c
Linking C executable cmTC_e4b27
/usr/bin/cmake -E cmake_link_script CMakeFiles/cmTC_e4b27.dir/link.txt --verbose=1
/usr/bin/cc -march=x86-64 -mtune=generic -O2 -pipe -fstack-protector-strong -fno-plt   -Wl,-O1,--sort-common,--as-needed,-z,relro,-z,now  -rdynamic CMakeFiles/cmTC_e4b27.dir/feature_tests.c.o  -o cmTC_e4b27 
make[1]: Leaving directory '/home/jojo/cradio/gnuradio/src/gr-fm_debug/build/CMakeFiles/CMakeTmp'


    Feature record: C_FEATURE:1c_function_prototypes
    Feature record: C_FEATURE:0c_restrict
    Feature record: C_FEATURE:0c_static_assert
    Feature record: C_FEATURE:0c_variadic_macros
Determining if the include file sys/types.h exists passed with the following output:
Change Dir: /home/jojo/cradio/gnuradio/src/gr-fm_debug/build/CMakeFiles/CMakeTmp

Run Build Command:"/usr/bin/make" "cmTC_63498/fast"
/usr/bin/make -f CMakeFiles/cmTC_63498.dir/build.make CMakeFiles/cmTC_63498.dir/build
make[1]: Entering directory '/home/jojo/cradio/gnuradio/src/gr-fm_debug/build/CMakeFiles/CMakeTmp'
Building C object CMakeFiles/cmTC_63498.dir/CheckIncludeFile.c.o
/usr/bin/cc   -march=x86-64 -mtune=generic -O2 -pipe -fstack-protector-strong -fno-plt    -o CMakeFiles/cmTC_63498.dir/CheckIncludeFile.c.o   -c /home/jojo/cradio/gnuradio/src/gr-fm_debug/build/CMakeFiles/CMakeTmp/CheckIncludeFile.c
Linking C executable cmTC_63498
/usr/bin/cmake -E cmake_link_script CMakeFiles/cmTC_63498.dir/link.txt --verbose=1
/usr/bin/cc -march=x86-64 -mtune=generic -O2 -pipe -fstack-protector-strong -fno-plt   -Wl,-O1,--sort-common,--as-needed,-z,relro,-z,now  -rdynamic CMakeFiles/cmTC_63498.dir/CheckIncludeFile.c.o  -o cmTC_63498 
make[1]: Leaving directory '/home/jojo/cradio/gnuradio/src/gr-fm_debug/build/CMakeFiles/CMakeTmp'


Determining if the include file stdint.h exists passed with the following output:
Change Dir: /home/jojo/cradio/gnuradio/src/gr-fm_debug/build/CMakeFiles/CMakeTmp

Run Build Command:"/usr/bin/make" "cmTC_2c9fc/fast"
/usr/bin/make -f CMakeFiles/cmTC_2c9fc.dir/build.make CMakeFiles/cmTC_2c9fc.dir/build
make[1]: Entering directory '/home/jojo/cradio/gnuradio/src/gr-fm_debug/build/CMakeFiles/CMakeTmp'
Building C object CMakeFiles/cmTC_2c9fc.dir/CheckIncludeFile.c.o
/usr/bin/cc   -march=x86-64 -mtune=generic -O2 -pipe -fstack-protector-strong -fno-plt    -o CMakeFiles/cmTC_2c9fc.dir/CheckIncludeFile.c.o   -c /home/jojo/cradio/gnuradio/src/gr-fm_debug/build/CMakeFiles/CMakeTmp/CheckIncludeFile.c
Linking C executable cmTC_2c9fc
/usr/bin/cmake -E cmake_link_script CMakeFiles/cmTC_2c9fc.dir/link.txt --verbose=1
/usr/bin/cc -march=x86-64 -mtune=generic -O2 -pipe -fstack-protector-strong -fno-plt   -Wl,-O1,--sort-common,--as-needed,-z,relro,-z,now  -rdynamic CMakeFiles/cmTC_2c9fc.dir/CheckIncludeFile.c.o  -o cmTC_2c9fc 
make[1]: Leaving directory '/home/jojo/cradio/gnuradio/src/gr-fm_debug/build/CMakeFiles/CMakeTmp'


Determining if the include file stddef.h exists passed with the following output:
Change Dir: /home/jojo/cradio/gnuradio/src/gr-fm_debug/build/CMakeFiles/CMakeTmp

Run Build Command:"/usr/bin/make" "cmTC_04e48/fast"
/usr/bin/make -f CMakeFiles/cmTC_04e48.dir/build.make CMakeFiles/cmTC_04e48.dir/build
make[1]: Entering directory '/home/jojo/cradio/gnuradio/src/gr-fm_debug/build/CMakeFiles/CMakeTmp'
Building C object CMakeFiles/cmTC_04e48.dir/CheckIncludeFile.c.o
/usr/bin/cc   -march=x86-64 -mtune=generic -O2 -pipe -fstack-protector-strong -fno-plt    -o CMakeFiles/cmTC_04e48.dir/CheckIncludeFile.c.o   -c /home/jojo/cradio/gnuradio/src/gr-fm_debug/build/CMakeFiles/CMakeTmp/CheckIncludeFile.c
Linking C executable cmTC_04e48
/usr/bin/cmake -E cmake_link_script CMakeFiles/cmTC_04e48.dir/link.txt --verbose=1
/usr/bin/cc -march=x86-64 -mtune=generic -O2 -pipe -fstack-protector-strong -fno-plt   -Wl,-O1,--sort-common,--as-needed,-z,relro,-z,now  -rdynamic CMakeFiles/cmTC_04e48.dir/CheckIncludeFile.c.o  -o cmTC_04e48 
make[1]: Leaving directory '/home/jojo/cradio/gnuradio/src/gr-fm_debug/build/CMakeFiles/CMakeTmp'


Determining size of size_t passed with the following output:
Change Dir: /home/jojo/cradio/gnuradio/src/gr-fm_debug/build/CMakeFiles/CMakeTmp

Run Build Command:"/usr/bin/make" "cmTC_54369/fast"
/usr/bin/make -f CMakeFiles/cmTC_54369.dir/build.make CMakeFiles/cmTC_54369.dir/build
make[1]: Entering directory '/home/jojo/cradio/gnuradio/src/gr-fm_debug/build/CMakeFiles/CMakeTmp'
Building C object CMakeFiles/cmTC_54369.dir/SIZEOF_SIZE_T.c.o
/usr/bin/cc   -march=x86-64 -mtune=generic -O2 -pipe -fstack-protector-strong -fno-plt    -o CMakeFiles/cmTC_54369.dir/SIZEOF_SIZE_T.c.o   -c /home/jojo/cradio/gnuradio/src/gr-fm_debug/build/CMakeFiles/CheckTypeSize/SIZEOF_SIZE_T.c
Linking C executable cmTC_54369
/usr/bin/cmake -E cmake_link_script CMakeFiles/cmTC_54369.dir/link.txt --verbose=1
/usr/bin/cc -march=x86-64 -mtune=generic -O2 -pipe -fstack-protector-strong -fno-plt   -Wl,-O1,--sort-common,--as-needed,-z,relro,-z,now  -rdynamic CMakeFiles/cmTC_54369.dir/SIZEOF_SIZE_T.c.o  -o cmTC_54369 
make[1]: Leaving directory '/home/jojo/cradio/gnuradio/src/gr-fm_debug/build/CMakeFiles/CMakeTmp'


Determining size of unsigned int passed with the following output:
Change Dir: /home/jojo/cradio/gnuradio/src/gr-fm_debug/build/CMakeFiles/CMakeTmp

Run Build Command:"/usr/bin/make" "cmTC_91dbb/fast"
/usr/bin/make -f CMakeFiles/cmTC_91dbb.dir/build.make CMakeFiles/cmTC_91dbb.dir/build
make[1]: Entering directory '/home/jojo/cradio/gnuradio/src/gr-fm_debug/build/CMakeFiles/CMakeTmp'
Building C object CMakeFiles/cmTC_91dbb.dir/SIZEOF_UINT.c.o
/usr/bin/cc   -march=x86-64 -mtune=generic -O2 -pipe -fstack-protector-strong -fno-plt    -o CMakeFiles/cmTC_91dbb.dir/SIZEOF_UINT.c.o   -c /home/jojo/cradio/gnuradio/src/gr-fm_debug/build/CMakeFiles/CheckTypeSize/SIZEOF_UINT.c
Linking C executable cmTC_91dbb
/usr/bin/cmake -E cmake_link_script CMakeFiles/cmTC_91dbb.dir/link.txt --verbose=1
/usr/bin/cc -march=x86-64 -mtune=generic -O2 -pipe -fstack-protector-strong -fno-plt   -Wl,-O1,--sort-common,--as-needed,-z,relro,-z,now  -rdynamic CMakeFiles/cmTC_91dbb.dir/SIZEOF_UINT.c.o  -o cmTC_91dbb 
make[1]: Leaving directory '/home/jojo/cradio/gnuradio/src/gr-fm_debug/build/CMakeFiles/CMakeTmp'


Performing C++ SOURCE FILE Test HAVE_WNO_UNUSED_BUT_SET_VARIABLE succeeded with the following output:
Change Dir: /home/jojo/cradio/gnuradio/src/gr-fm_debug/build/CMakeFiles/CMakeTmp

Run Build Command:"/usr/bin/make" "cmTC_3495e/fast"
/usr/bin/make -f CMakeFiles/cmTC_3495e.dir/build.make CMakeFiles/cmTC_3495e.dir/build
make[1]: Entering directory '/home/jojo/cradio/gnuradio/src/gr-fm_debug/build/CMakeFiles/CMakeTmp'
Building CXX object CMakeFiles/cmTC_3495e.dir/src.cxx.o
/usr/bin/c++    -march=x86-64 -mtune=generic -O2 -pipe -fstack-protector-strong -fno-plt -DHAVE_WNO_UNUSED_BUT_SET_VARIABLE   -Wno-unused-but-set-variable -o CMakeFiles/cmTC_3495e.dir/src.cxx.o -c /home/jojo/cradio/gnuradio/src/gr-fm_debug/build/CMakeFiles/CMakeTmp/src.cxx
Linking CXX executable cmTC_3495e
/usr/bin/cmake -E cmake_link_script CMakeFiles/cmTC_3495e.dir/link.txt --verbose=1
/usr/bin/c++  -march=x86-64 -mtune=generic -O2 -pipe -fstack-protector-strong -fno-plt -DHAVE_WNO_UNUSED_BUT_SET_VARIABLE  -Wl,-O1,--sort-common,--as-needed,-z,relro,-z,now  -rdynamic CMakeFiles/cmTC_3495e.dir/src.cxx.o  -o cmTC_3495e 
make[1]: Leaving directory '/home/jojo/cradio/gnuradio/src/gr-fm_debug/build/CMakeFiles/CMakeTmp'

Source file was:
int main() { return 0; }
